ISim log file
Running: C:\Users\d\Desktop\project\openmips_min_sopc_tb_isim_beh.exe -intstyle ise -gui -tclbatch isim.cmd -wdb C:/Users/d/Desktop/project/openmips_min_sopc_tb_isim_beh.wdb 
ISim P.68d (signature 0x7708f090)
This is a Full version of ISim.
Time resolution is 1 ps
# onerror resume
# wave add /
# run 1000 ns
Simulator is doing circuit initialization process.
Finished circuit initialization process.
# restart
# run 1.00us
Simulator is doing circuit initialization process.
Finished circuit initialization process.
# run all
Stopped at time : 1195 ns :  in File "C:/Users/d/Desktop/project/openmips_min_sopc_tb.v" Line 48 
# restart
# run 1.00us
Simulator is doing circuit initialization process.
Finished circuit initialization process.
# restart
# run all
Simulator is doing circuit initialization process.
Finished circuit initialization process.
Stopped at time : 1195 ns :  in File "C:/Users/d/Desktop/project/openmips_min_sopc_tb.v" Line 48 
# restart
# run 1.00us
Simulator is doing circuit initialization process.
Finished circuit initialization process.
# restart
# run 1.00us
Simulator is doing circuit initialization process.
Finished circuit initialization process.
# run all
Stopped at time : 1195 ns :  in File "C:/Users/d/Desktop/project/openmips_min_sopc_tb.v" Line 48 
