Release 14.6 - xst P.68d (nt64)
Copyright (c) 1995-2013 Xilinx, Inc.  All rights reserved.
--> Parameter TMPDIR set to xst/projnav.tmp


Total REAL time to Xst completion: 1.00 secs
Total CPU time to Xst completion: 0.13 secs
 
--> Parameter xsthdpdir set to xst


Total REAL time to Xst completion: 1.00 secs
Total CPU time to Xst completion: 0.13 secs
 
--> Reading design: openmips_min_sopc.prj

TABLE OF CONTENTS
  1) Synthesis Options Summary
  2) HDL Compilation
  3) Design Hierarchy Analysis
  4) HDL Analysis
  5) HDL Synthesis
     5.1) HDL Synthesis Report
  6) Advanced HDL Synthesis
     6.1) Advanced HDL Synthesis Report
  7) Low Level Synthesis
  8) Partition Report
  9) Final Report
	9.1) Device utilization summary
	9.2) Partition Resource Summary
	9.3) TIMING REPORT


=========================================================================
*                      Synthesis Options Summary                        *
=========================================================================
---- Source Parameters
Input File Name                    : "openmips_min_sopc.prj"
Input Format                       : mixed
Ignore Synthesis Constraint File   : NO

---- Target Parameters
Output File Name                   : "openmips_min_sopc"
Output Format                      : NGC
Target Device                      : xc3s1200e-4-fg320

---- Source Options
Top Module Name                    : openmips_min_sopc
Automatic FSM Extraction           : YES
FSM Encoding Algorithm             : Auto
Safe Implementation                : No
FSM Style                          : LUT
RAM Extraction                     : Yes
RAM Style                          : Auto
ROM Extraction                     : Yes
Mux Style                          : Auto
Decoder Extraction                 : YES
Priority Encoder Extraction        : Yes
Shift Register Extraction          : YES
Logical Shifter Extraction         : YES
XOR Collapsing                     : YES
ROM Style                          : Auto
Mux Extraction                     : Yes
Resource Sharing                   : YES
Asynchronous To Synchronous        : NO
Multiplier Style                   : Auto
Automatic Register Balancing       : No

---- Target Options
Add IO Buffers                     : YES
Global Maximum Fanout              : 100000
Add Generic Clock Buffer(BUFG)     : 24
Register Duplication               : YES
Slice Packing                      : YES
Optimize Instantiated Primitives   : NO
Use Clock Enable                   : Yes
Use Synchronous Set                : Yes
Use Synchronous Reset              : Yes
Pack IO Registers into IOBs        : Auto
Equivalent register Removal        : YES

---- General Options
Optimization Goal                  : Speed
Optimization Effort                : 1
Keep Hierarchy                     : No
Netlist Hierarchy                  : As_Optimized
RTL Output                         : Yes
Global Optimization                : AllClockNets
Read Cores                         : YES
Write Timing Constraints           : NO
Cross Clock Analysis               : NO
Hierarchy Separator                : /
Bus Delimiter                      : <>
Case Specifier                     : Maintain
Slice Utilization Ratio            : 100
BRAM Utilization Ratio             : 100
Verilog 2001                       : YES
Auto BRAM Packing                  : NO
Slice Utilization Ratio Delta      : 5

=========================================================================


=========================================================================
*                          HDL Compilation                              *
=========================================================================
Compiling verilog file "regfile.v" in library work
Compiling verilog include file "defines.v"
Compiling verilog file "pc_reg.v" in library work
Compiling verilog include file "defines.v"
Module <regfile> compiled
Compiling verilog file "mem_wb.v" in library work
Compiling verilog include file "defines.v"
Module <pc_reg> compiled
Compiling verilog file "mem.v" in library work
Compiling verilog include file "defines.v"
Module <mem_wb> compiled
Compiling verilog file "if_id.v" in library work
Compiling verilog include file "defines.v"
Module <mem> compiled
Compiling verilog file "id_ex.v" in library work
Compiling verilog include file "defines.v"
Module <if_id> compiled
Compiling verilog file "id.v" in library work
Compiling verilog include file "defines.v"
Module <id_ex> compiled
Compiling verilog file "ex_mem.v" in library work
Compiling verilog include file "defines.v"
Module <id> compiled
Compiling verilog file "ex.v" in library work
Compiling verilog include file "defines.v"
Module <ex_mem> compiled
Compiling verilog file "ctrl.v" in library work
Compiling verilog include file "defines.v"
Module <ex> compiled
Compiling verilog file "openmips.v" in library work
Compiling verilog include file "defines.v"
Module <ctrl> compiled
Compiling verilog file "inst_rom.v" in library work
Compiling verilog include file "defines.v"
Module <openmips> compiled
Compiling verilog file "openmips_min_sopc.v" in library work
Compiling verilog include file "defines.v"
Module <inst_rom> compiled
Module <openmips_min_sopc> compiled
No errors in compilation
Analysis of file <"openmips_min_sopc.prj"> succeeded.
 

=========================================================================
*                     Design Hierarchy Analysis                         *
=========================================================================
Analyzing hierarchy for module <openmips_min_sopc> in library <work>.

Analyzing hierarchy for module <openmips> in library <work>.

Analyzing hierarchy for module <inst_rom> in library <work>.

Analyzing hierarchy for module <pc_reg> in library <work>.

Analyzing hierarchy for module <if_id> in library <work>.

Analyzing hierarchy for module <id> in library <work>.

Analyzing hierarchy for module <regfile> in library <work>.

Analyzing hierarchy for module <id_ex> in library <work>.

Analyzing hierarchy for module <ex> in library <work>.

Analyzing hierarchy for module <ex_mem> in library <work>.

Analyzing hierarchy for module <mem> in library <work>.

Analyzing hierarchy for module <mem_wb> in library <work>.

Analyzing hierarchy for module <ctrl> in library <work>.


=========================================================================
*                            HDL Analysis                               *
=========================================================================
Analyzing top module <openmips_min_sopc>.
Module <openmips_min_sopc> is correct for synthesis.
 
Analyzing module <openmips> in library <work>.
Module <openmips> is correct for synthesis.
 
Analyzing module <pc_reg> in library <work>.
Module <pc_reg> is correct for synthesis.
 
Analyzing module <if_id> in library <work>.
Module <if_id> is correct for synthesis.
 
Analyzing module <id> in library <work>.
Module <id> is correct for synthesis.
 
Analyzing module <regfile> in library <work>.
INFO:Xst:1433 - Contents of array <regs> may be accessed with an index that exceeds the array size. This could cause simulation mismatch.
INFO:Xst:1433 - Contents of array <regs> may be accessed with an index that exceeds the array size. This could cause simulation mismatch.
Module <regfile> is correct for synthesis.
 
Analyzing module <id_ex> in library <work>.
Module <id_ex> is correct for synthesis.
 
Analyzing module <ex> in library <work>.
Module <ex> is correct for synthesis.
 
Analyzing module <ex_mem> in library <work>.
Module <ex_mem> is correct for synthesis.
 
Analyzing module <mem> in library <work>.
Module <mem> is correct for synthesis.
 
Analyzing module <mem_wb> in library <work>.
Module <mem_wb> is correct for synthesis.
 
Analyzing module <ctrl> in library <work>.
Module <ctrl> is correct for synthesis.
 
Analyzing module <inst_rom> in library <work>.
INFO:Xst:1433 - Contents of array <inst_mem> may be accessed with an index that exceeds the array size. This could cause simulation mismatch.
Module <inst_rom> is correct for synthesis.
 

=========================================================================
*                           HDL Synthesis                               *
=========================================================================

Performing bidirectional port resolution...
INFO:Xst:2561 - Always blocking tristate driving signal <ram1datainout> in unit <openmips_min_sopc> is removed.

Synthesizing Unit <inst_rom>.
    Related source file is "inst_rom.v".
WARNING:Xst:647 - Input <addr<15:7>> is never used. This port will be preserved and left unconnected if it belongs to a top-level block or it belongs to a sub-block and the hierarchy of this sub-block is preserved.
WARNING:Xst:647 - Input <rst> is never used. This port will be preserved and left unconnected if it belongs to a top-level block or it belongs to a sub-block and the hierarchy of this sub-block is preserved.
    Found 127x16-bit ROM for signal <instDataTemp>.
    Summary:
	inferred   1 ROM(s).
Unit <inst_rom> synthesized.


Synthesizing Unit <pc_reg>.
    Related source file is "pc_reg.v".
WARNING:Xst:647 - Input <stall<5:1>> is never used. This port will be preserved and left unconnected if it belongs to a top-level block or it belongs to a sub-block and the hierarchy of this sub-block is preserved.
    Found 1-bit register for signal <ce>.
    Found 16-bit up counter for signal <pc>.
    Summary:
	inferred   1 Counter(s).
	inferred   1 D-type flip-flop(s).
Unit <pc_reg> synthesized.


Synthesizing Unit <if_id>.
    Related source file is "if_id.v".
WARNING:Xst:647 - Input <stall<5:3>> is never used. This port will be preserved and left unconnected if it belongs to a top-level block or it belongs to a sub-block and the hierarchy of this sub-block is preserved.
WARNING:Xst:647 - Input <stall<0>> is never used. This port will be preserved and left unconnected if it belongs to a top-level block or it belongs to a sub-block and the hierarchy of this sub-block is preserved.
    Found 16-bit register for signal <id_pc>.
    Found 16-bit register for signal <id_inst>.
    Summary:
	inferred  32 D-type flip-flop(s).
Unit <if_id> synthesized.


Synthesizing Unit <id>.
    Related source file is "id.v".
WARNING:Xst:646 - Signal <pc_plus_2> is assigned but never used. This unconnected signal will be trimmed during the optimization process.
WARNING:Xst:646 - Signal <pc_plus_1> is assigned but never used. This unconnected signal will be trimmed during the optimization process.
WARNING:Xst:646 - Signal <op4> is assigned but never used. This unconnected signal will be trimmed during the optimization process.
WARNING:Xst:646 - Signal <op3> is assigned but never used. This unconnected signal will be trimmed during the optimization process.
WARNING:Xst:646 - Signal <op2> is assigned but never used. This unconnected signal will be trimmed during the optimization process.
WARNING:Xst:646 - Signal <instvalid> is assigned but never used. This unconnected signal will be trimmed during the optimization process.
    Found 16-bit adder for signal <inst_b2_address>.
    Found 16-bit adder for signal <inst_b_address>.
    Found 4-bit comparator equal for signal <reg1_o$cmp_eq0000> created at line 229.
    Found 4-bit comparator equal for signal <reg1_o$cmp_eq0001> created at line 235.
    Found 4-bit comparator equal for signal <reg2_o$cmp_eq0000> created at line 252.
    Found 4-bit comparator equal for signal <reg2_o$cmp_eq0001> created at line 258.
    Summary:
	inferred   2 Adder/Subtractor(s).
	inferred   4 Comparator(s).
Unit <id> synthesized.


Synthesizing Unit <regfile>.
    Related source file is "regfile.v".
    Found 4-bit comparator equal for signal <rdata1$cmp_eq0001> created at line 89.
    Found 4-bit comparator equal for signal <rdata2$cmp_eq0001> created at line 104.
    Found 16-bit 8-to-1 multiplexer for signal <readDataTemp1>.
    Found 16-bit 8-to-1 multiplexer for signal <readDataTemp2>.
    Found 128-bit register for signal <regs>.
    Summary:
	inferred 128 D-type flip-flop(s).
	inferred   2 Comparator(s).
	inferred  32 Multiplexer(s).
Unit <regfile> synthesized.


Synthesizing Unit <id_ex>.
    Related source file is "id_ex.v".
WARNING:Xst:647 - Input <stall<5:4>> is never used. This port will be preserved and left unconnected if it belongs to a top-level block or it belongs to a sub-block and the hierarchy of this sub-block is preserved.
WARNING:Xst:647 - Input <stall<1:0>> is never used. This port will be preserved and left unconnected if it belongs to a top-level block or it belongs to a sub-block and the hierarchy of this sub-block is preserved.
    Found 16-bit register for signal <ex_link_address>.
    Found 1-bit register for signal <ex_is_in_delayslot>.
    Found 1-bit register for signal <is_in_delayslot_o>.
    Found 4-bit register for signal <ex_wd>.
    Found 8-bit register for signal <ex_aluop>.
    Found 16-bit register for signal <ex_inst>.
    Found 1-bit register for signal <ex_wreg>.
    Found 16-bit register for signal <ex_reg1>.
    Found 16-bit register for signal <ex_reg2>.
    Found 3-bit register for signal <ex_alusel>.
    Summary:
	inferred  82 D-type flip-flop(s).
Unit <id_ex> synthesized.


Synthesizing Unit <ex>.
    Related source file is "ex.v".
WARNING:Xst:647 - Input <inst_i<15:5>> is never used. This port will be preserved and left unconnected if it belongs to a top-level block or it belongs to a sub-block and the hierarchy of this sub-block is preserved.
WARNING:Xst:647 - Input <is_in_delayslot_i> is never used. This port will be preserved and left unconnected if it belongs to a top-level block or it belongs to a sub-block and the hierarchy of this sub-block is preserved.
WARNING:Xst:1780 - Signal <shiftres> is never used or assigned. This unconnected signal will be trimmed during the optimization process.
    Found 16-bit adder for signal <mem_addr_o>.
    Summary:
	inferred   1 Adder/Subtractor(s).
Unit <ex> synthesized.


Synthesizing Unit <ex_mem>.
    Related source file is "ex_mem.v".
WARNING:Xst:647 - Input <stall<5>> is never used. This port will be preserved and left unconnected if it belongs to a top-level block or it belongs to a sub-block and the hierarchy of this sub-block is preserved.
WARNING:Xst:647 - Input <stall<2:0>> is never used. This port will be preserved and left unconnected if it belongs to a top-level block or it belongs to a sub-block and the hierarchy of this sub-block is preserved.
    Found 16-bit register for signal <mem_mem_addr>.
    Found 8-bit register for signal <mem_aluop>.
    Found 16-bit register for signal <mem_wdata>.
    Found 1-bit register for signal <mem_wreg>.
    Found 16-bit register for signal <mem_reg2>.
    Found 4-bit register for signal <mem_wd>.
    Summary:
	inferred  61 D-type flip-flop(s).
Unit <ex_mem> synthesized.


Synthesizing Unit <mem>.
    Related source file is "mem.v".
Unit <mem> synthesized.


Synthesizing Unit <mem_wb>.
    Related source file is "mem_wb.v".
WARNING:Xst:647 - Input <stall<3:0>> is never used. This port will be preserved and left unconnected if it belongs to a top-level block or it belongs to a sub-block and the hierarchy of this sub-block is preserved.
    Found 16-bit register for signal <wb_wdata>.
    Found 4-bit register for signal <wb_wd>.
    Found 1-bit register for signal <wb_wreg>.
    Summary:
	inferred  21 D-type flip-flop(s).
Unit <mem_wb> synthesized.


Synthesizing Unit <ctrl>.
    Related source file is "ctrl.v".
Unit <ctrl> synthesized.


Synthesizing Unit <openmips>.
    Related source file is "openmips.v".
WARNING:Xst:1780 - Signal <mem_reg1_i> is never used or assigned. This unconnected signal will be trimmed during the optimization process.
WARNING:Xst:1780 - Signal <is_in_delayslot_o> is never used or assigned. This unconnected signal will be trimmed during the optimization process.
WARNING:Xst:1780 - Signal <ex_reg1_o> is never used or assigned. This unconnected signal will be trimmed during the optimization process.
Unit <openmips> synthesized.


Synthesizing Unit <openmips_min_sopc>.
    Related source file is "openmips_min_sopc.v".
WARNING:Xst:2565 - Inout <ram1datainout<1>> is never assigned.
WARNING:Xst:2565 - Inout <ram1datainout<2>> is never assigned.
WARNING:Xst:2565 - Inout <ram1datainout<3>> is never assigned.
WARNING:Xst:2565 - Inout <ram1datainout<4>> is never assigned.
WARNING:Xst:2565 - Inout <ram1datainout<5>> is never assigned.
WARNING:Xst:2565 - Inout <ram1datainout<6>> is never assigned.
WARNING:Xst:2565 - Inout <ram1datainout<7>> is never assigned.
WARNING:Xst:2565 - Inout <ram1datainout<8>> is never assigned.
WARNING:Xst:2565 - Inout <ram1datainout<9>> is never assigned.
WARNING:Xst:2565 - Inout <ram1datainout<10>> is never assigned.
WARNING:Xst:2565 - Inout <ram1datainout<11>> is never assigned.
WARNING:Xst:2565 - Inout <ram1datainout<12>> is never assigned.
WARNING:Xst:2565 - Inout <ram1datainout<13>> is never assigned.
WARNING:Xst:2565 - Inout <ram1datainout<14>> is never assigned.
WARNING:Xst:2565 - Inout <ram1datainout<15>> is never assigned.
WARNING:Xst:2565 - Inout <ram1datainout<0>> is never assigned.
    Found 16-bit tristate buffer for signal <ram2datainout>.
    Summary:
	inferred  16 Tristate(s).
Unit <openmips_min_sopc> synthesized.


=========================================================================
HDL Synthesis Report

Macro Statistics
# ROMs                                                 : 1
 127x16-bit ROM                                        : 1
# Adders/Subtractors                                   : 3
 16-bit adder                                          : 3
# Counters                                             : 1
 16-bit up counter                                     : 1
# Registers                                            : 30
 1-bit register                                        : 6
 16-bit register                                       : 18
 3-bit register                                        : 1
 4-bit register                                        : 3
 8-bit register                                        : 2
# Comparators                                          : 6
 4-bit comparator equal                                : 6
# Multiplexers                                         : 2
 16-bit 8-to-1 multiplexer                             : 2
# Tristates                                            : 1
 16-bit tristate buffer                                : 1

=========================================================================

=========================================================================
*                       Advanced HDL Synthesis                          *
=========================================================================

WARNING:Xst:1710 - FF/Latch <wb_wd_3> (without init value) has a constant value of 0 in block <mem_wb0>. This FF/Latch will be trimmed during the optimization process.
WARNING:Xst:1710 - FF/Latch <mem_aluop_4> (without init value) has a constant value of 0 in block <ex_mem0>. This FF/Latch will be trimmed during the optimization process.
WARNING:Xst:1710 - FF/Latch <mem_wd_3> (without init value) has a constant value of 0 in block <ex_mem0>. This FF/Latch will be trimmed during the optimization process.
WARNING:Xst:1710 - FF/Latch <ex_link_address_15> (without init value) has a constant value of 0 in block <id_ex0>. This FF/Latch will be trimmed during the optimization process.
WARNING:Xst:1710 - FF/Latch <ex_link_address_14> (without init value) has a constant value of 0 in block <id_ex0>. This FF/Latch will be trimmed during the optimization process.
WARNING:Xst:1710 - FF/Latch <ex_link_address_13> (without init value) has a constant value of 0 in block <id_ex0>. This FF/Latch will be trimmed during the optimization process.
WARNING:Xst:1710 - FF/Latch <ex_link_address_12> (without init value) has a constant value of 0 in block <id_ex0>. This FF/Latch will be trimmed during the optimization process.
WARNING:Xst:1710 - FF/Latch <ex_link_address_11> (without init value) has a constant value of 0 in block <id_ex0>. This FF/Latch will be trimmed during the optimization process.
WARNING:Xst:1710 - FF/Latch <ex_link_address_10> (without init value) has a constant value of 0 in block <id_ex0>. This FF/Latch will be trimmed during the optimization process.
WARNING:Xst:1710 - FF/Latch <ex_link_address_9> (without init value) has a constant value of 0 in block <id_ex0>. This FF/Latch will be trimmed during the optimization process.
WARNING:Xst:1710 - FF/Latch <ex_link_address_8> (without init value) has a constant value of 0 in block <id_ex0>. This FF/Latch will be trimmed during the optimization process.
WARNING:Xst:1710 - FF/Latch <ex_link_address_7> (without init value) has a constant value of 0 in block <id_ex0>. This FF/Latch will be trimmed during the optimization process.
WARNING:Xst:1710 - FF/Latch <ex_link_address_6> (without init value) has a constant value of 0 in block <id_ex0>. This FF/Latch will be trimmed during the optimization process.
WARNING:Xst:1710 - FF/Latch <ex_link_address_5> (without init value) has a constant value of 0 in block <id_ex0>. This FF/Latch will be trimmed during the optimization process.
WARNING:Xst:1710 - FF/Latch <ex_link_address_4> (without init value) has a constant value of 0 in block <id_ex0>. This FF/Latch will be trimmed during the optimization process.
WARNING:Xst:1710 - FF/Latch <ex_link_address_3> (without init value) has a constant value of 0 in block <id_ex0>. This FF/Latch will be trimmed during the optimization process.
WARNING:Xst:1710 - FF/Latch <ex_link_address_2> (without init value) has a constant value of 0 in block <id_ex0>. This FF/Latch will be trimmed during the optimization process.
WARNING:Xst:1710 - FF/Latch <ex_link_address_1> (without init value) has a constant value of 0 in block <id_ex0>. This FF/Latch will be trimmed during the optimization process.
WARNING:Xst:1710 - FF/Latch <ex_link_address_0> (without init value) has a constant value of 0 in block <id_ex0>. This FF/Latch will be trimmed during the optimization process.
WARNING:Xst:1710 - FF/Latch <ex_wd_3> (without init value) has a constant value of 0 in block <id_ex0>. This FF/Latch will be trimmed during the optimization process.
WARNING:Xst:1710 - FF/Latch <ex_aluop_4> (without init value) has a constant value of 0 in block <id_ex0>. This FF/Latch will be trimmed during the optimization process.
WARNING:Xst:2677 - Node <ex_inst_5> of sequential type is unconnected in block <id_ex0>.
WARNING:Xst:2677 - Node <ex_inst_6> of sequential type is unconnected in block <id_ex0>.
WARNING:Xst:2677 - Node <ex_inst_7> of sequential type is unconnected in block <id_ex0>.
WARNING:Xst:2677 - Node <ex_inst_8> of sequential type is unconnected in block <id_ex0>.
WARNING:Xst:2677 - Node <ex_inst_9> of sequential type is unconnected in block <id_ex0>.
WARNING:Xst:2677 - Node <ex_inst_10> of sequential type is unconnected in block <id_ex0>.
WARNING:Xst:2677 - Node <ex_inst_11> of sequential type is unconnected in block <id_ex0>.
WARNING:Xst:2677 - Node <ex_inst_12> of sequential type is unconnected in block <id_ex0>.
WARNING:Xst:2677 - Node <ex_inst_13> of sequential type is unconnected in block <id_ex0>.
WARNING:Xst:2677 - Node <ex_inst_14> of sequential type is unconnected in block <id_ex0>.
WARNING:Xst:2677 - Node <ex_inst_15> of sequential type is unconnected in block <id_ex0>.

=========================================================================
Advanced HDL Synthesis Report

Macro Statistics
# ROMs                                                 : 1
 127x16-bit ROM                                        : 1
# Adders/Subtractors                                   : 3
 16-bit adder                                          : 3
# Counters                                             : 1
 16-bit up counter                                     : 1
# Registers                                            : 325
 Flip-Flops                                            : 325
# Comparators                                          : 6
 4-bit comparator equal                                : 6
# Multiplexers                                         : 32
 1-bit 8-to-1 multiplexer                              : 32

=========================================================================

=========================================================================
*                         Low Level Synthesis                           *
=========================================================================

Optimizing unit <openmips_min_sopc> ...

Optimizing unit <if_id> ...

Optimizing unit <id> ...

Optimizing unit <regfile> ...

Optimizing unit <id_ex> ...

Optimizing unit <ex> ...

Optimizing unit <ex_mem> ...

Optimizing unit <mem_wb> ...

Optimizing unit <openmips> ...
WARNING:Xst:1710 - FF/Latch <openmips0/id_ex0/ex_link_address_15> (without init value) has a constant value of 0 in block <openmips_min_sopc>. This FF/Latch will be trimmed during the optimization process.
WARNING:Xst:1895 - Due to other FF/Latch trimming, FF/Latch <openmips0/regfile1/regs_0_0> (without init value) has a constant value of 0 in block <openmips_min_sopc>. This FF/Latch will be trimmed during the optimization process.
WARNING:Xst:1895 - Due to other FF/Latch trimming, FF/Latch <openmips0/regfile1/regs_0_1> (without init value) has a constant value of 0 in block <openmips_min_sopc>. This FF/Latch will be trimmed during the optimization process.
WARNING:Xst:1895 - Due to other FF/Latch trimming, FF/Latch <openmips0/regfile1/regs_0_2> (without init value) has a constant value of 0 in block <openmips_min_sopc>. This FF/Latch will be trimmed during the optimization process.
WARNING:Xst:1895 - Due to other FF/Latch trimming, FF/Latch <openmips0/regfile1/regs_0_3> (without init value) has a constant value of 0 in block <openmips_min_sopc>. This FF/Latch will be trimmed during the optimization process.
WARNING:Xst:1895 - Due to other FF/Latch trimming, FF/Latch <openmips0/regfile1/regs_0_4> (without init value) has a constant value of 0 in block <openmips_min_sopc>. This FF/Latch will be trimmed during the optimization process.
WARNING:Xst:1895 - Due to other FF/Latch trimming, FF/Latch <openmips0/regfile1/regs_0_5> (without init value) has a constant value of 0 in block <openmips_min_sopc>. This FF/Latch will be trimmed during the optimization process.
WARNING:Xst:1895 - Due to other FF/Latch trimming, FF/Latch <openmips0/regfile1/regs_0_6> (without init value) has a constant value of 0 in block <openmips_min_sopc>. This FF/Latch will be trimmed during the optimization process.
WARNING:Xst:1895 - Due to other FF/Latch trimming, FF/Latch <openmips0/regfile1/regs_0_7> (without init value) has a constant value of 0 in block <openmips_min_sopc>. This FF/Latch will be trimmed during the optimization process.
WARNING:Xst:1895 - Due to other FF/Latch trimming, FF/Latch <openmips0/regfile1/regs_0_8> (without init value) has a constant value of 0 in block <openmips_min_sopc>. This FF/Latch will be trimmed during the optimization process.
WARNING:Xst:1895 - Due to other FF/Latch trimming, FF/Latch <openmips0/regfile1/regs_0_9> (without init value) has a constant value of 0 in block <openmips_min_sopc>. This FF/Latch will be trimmed during the optimization process.
WARNING:Xst:1895 - Due to other FF/Latch trimming, FF/Latch <openmips0/regfile1/regs_0_10> (without init value) has a constant value of 0 in block <openmips_min_sopc>. This FF/Latch will be trimmed during the optimization process.
WARNING:Xst:1895 - Due to other FF/Latch trimming, FF/Latch <openmips0/regfile1/regs_0_11> (without init value) has a constant value of 0 in block <openmips_min_sopc>. This FF/Latch will be trimmed during the optimization process.
WARNING:Xst:1895 - Due to other FF/Latch trimming, FF/Latch <openmips0/regfile1/regs_0_12> (without init value) has a constant value of 0 in block <openmips_min_sopc>. This FF/Latch will be trimmed during the optimization process.
WARNING:Xst:1895 - Due to other FF/Latch trimming, FF/Latch <openmips0/regfile1/regs_0_13> (without init value) has a constant value of 0 in block <openmips_min_sopc>. This FF/Latch will be trimmed during the optimization process.
WARNING:Xst:1895 - Due to other FF/Latch trimming, FF/Latch <openmips0/regfile1/regs_0_14> (without init value) has a constant value of 0 in block <openmips_min_sopc>. This FF/Latch will be trimmed during the optimization process.
WARNING:Xst:1895 - Due to other FF/Latch trimming, FF/Latch <openmips0/regfile1/regs_0_15> (without init value) has a constant value of 0 in block <openmips_min_sopc>. This FF/Latch will be trimmed during the optimization process.
WARNING:Xst:1895 - Due to other FF/Latch trimming, FF/Latch <openmips0/if_id0/id_inst_9> (without init value) has a constant value of 0 in block <openmips_min_sopc>. This FF/Latch will be trimmed during the optimization process.
WARNING:Xst:1895 - Due to other FF/Latch trimming, FF/Latch <openmips0/if_id0/id_inst_10> (without init value) has a constant value of 0 in block <openmips_min_sopc>. This FF/Latch will be trimmed during the optimization process.
WARNING:Xst:1895 - Due to other FF/Latch trimming, FF/Latch <openmips0/mem_wb0/wb_wd_3> (without init value) has a constant value of 0 in block <openmips_min_sopc>. This FF/Latch will be trimmed during the optimization process.
WARNING:Xst:1895 - Due to other FF/Latch trimming, FF/Latch <openmips0/id_ex0/ex_aluop_4> (without init value) has a constant value of 0 in block <openmips_min_sopc>. This FF/Latch will be trimmed during the optimization process.
WARNING:Xst:1895 - Due to other FF/Latch trimming, FF/Latch <openmips0/id_ex0/ex_wd_3> (without init value) has a constant value of 0 in block <openmips_min_sopc>. This FF/Latch will be trimmed during the optimization process.
WARNING:Xst:1895 - Due to other FF/Latch trimming, FF/Latch <openmips0/id_ex0/ex_link_address_0> (without init value) has a constant value of 0 in block <openmips_min_sopc>. This FF/Latch will be trimmed during the optimization process.
WARNING:Xst:1895 - Due to other FF/Latch trimming, FF/Latch <openmips0/id_ex0/ex_link_address_1> (without init value) has a constant value of 0 in block <openmips_min_sopc>. This FF/Latch will be trimmed during the optimization process.
WARNING:Xst:1895 - Due to other FF/Latch trimming, FF/Latch <openmips0/id_ex0/ex_link_address_2> (without init value) has a constant value of 0 in block <openmips_min_sopc>. This FF/Latch will be trimmed during the optimization process.
WARNING:Xst:1895 - Due to other FF/Latch trimming, FF/Latch <openmips0/id_ex0/ex_link_address_3> (without init value) has a constant value of 0 in block <openmips_min_sopc>. This FF/Latch will be trimmed during the optimization process.
WARNING:Xst:1895 - Due to other FF/Latch trimming, FF/Latch <openmips0/id_ex0/ex_link_address_4> (without init value) has a constant value of 0 in block <openmips_min_sopc>. This FF/Latch will be trimmed during the optimization process.
WARNING:Xst:1895 - Due to other FF/Latch trimming, FF/Latch <openmips0/id_ex0/ex_link_address_5> (without init value) has a constant value of 0 in block <openmips_min_sopc>. This FF/Latch will be trimmed during the optimization process.
WARNING:Xst:1895 - Due to other FF/Latch trimming, FF/Latch <openmips0/id_ex0/ex_link_address_6> (without init value) has a constant value of 0 in block <openmips_min_sopc>. This FF/Latch will be trimmed during the optimization process.
WARNING:Xst:1895 - Due to other FF/Latch trimming, FF/Latch <openmips0/id_ex0/ex_link_address_7> (without init value) has a constant value of 0 in block <openmips_min_sopc>. This FF/Latch will be trimmed during the optimization process.
WARNING:Xst:1895 - Due to other FF/Latch trimming, FF/Latch <openmips0/id_ex0/ex_link_address_8> (without init value) has a constant value of 0 in block <openmips_min_sopc>. This FF/Latch will be trimmed during the optimization process.
WARNING:Xst:1895 - Due to other FF/Latch trimming, FF/Latch <openmips0/id_ex0/ex_link_address_9> (without init value) has a constant value of 0 in block <openmips_min_sopc>. This FF/Latch will be trimmed during the optimization process.
WARNING:Xst:1895 - Due to other FF/Latch trimming, FF/Latch <openmips0/id_ex0/ex_link_address_10> (without init value) has a constant value of 0 in block <openmips_min_sopc>. This FF/Latch will be trimmed during the optimization process.
WARNING:Xst:1895 - Due to other FF/Latch trimming, FF/Latch <openmips0/id_ex0/ex_link_address_11> (without init value) has a constant value of 0 in block <openmips_min_sopc>. This FF/Latch will be trimmed during the optimization process.
WARNING:Xst:1895 - Due to other FF/Latch trimming, FF/Latch <openmips0/id_ex0/ex_link_address_12> (without init value) has a constant value of 0 in block <openmips_min_sopc>. This FF/Latch will be trimmed during the optimization process.
WARNING:Xst:1895 - Due to other FF/Latch trimming, FF/Latch <openmips0/id_ex0/ex_link_address_13> (without init value) has a constant value of 0 in block <openmips_min_sopc>. This FF/Latch will be trimmed during the optimization process.
WARNING:Xst:1895 - Due to other FF/Latch trimming, FF/Latch <openmips0/id_ex0/ex_link_address_14> (without init value) has a constant value of 0 in block <openmips_min_sopc>. This FF/Latch will be trimmed during the optimization process.
WARNING:Xst:1895 - Due to other FF/Latch trimming, FF/Latch <openmips0/ex_mem0/mem_aluop_4> (without init value) has a constant value of 0 in block <openmips_min_sopc>. This FF/Latch will be trimmed during the optimization process.
WARNING:Xst:1895 - Due to other FF/Latch trimming, FF/Latch <openmips0/ex_mem0/mem_wd_3> (without init value) has a constant value of 0 in block <openmips_min_sopc>. This FF/Latch will be trimmed during the optimization process.
WARNING:Xst:2677 - Node <openmips0/id_ex0/ex_is_in_delayslot> of sequential type is unconnected in block <openmips_min_sopc>.
WARNING:Xst:2677 - Node <openmips0/id_ex0/is_in_delayslot_o> of sequential type is unconnected in block <openmips_min_sopc>.
WARNING:Xst:2677 - Node <openmips0/id_ex0/ex_inst_5> of sequential type is unconnected in block <openmips_min_sopc>.
WARNING:Xst:2677 - Node <openmips0/id_ex0/ex_inst_6> of sequential type is unconnected in block <openmips_min_sopc>.
WARNING:Xst:2677 - Node <openmips0/id_ex0/ex_inst_7> of sequential type is unconnected in block <openmips_min_sopc>.
WARNING:Xst:2677 - Node <openmips0/id_ex0/ex_inst_8> of sequential type is unconnected in block <openmips_min_sopc>.
WARNING:Xst:2677 - Node <openmips0/id_ex0/ex_inst_9> of sequential type is unconnected in block <openmips_min_sopc>.
WARNING:Xst:2677 - Node <openmips0/id_ex0/ex_inst_10> of sequential type is unconnected in block <openmips_min_sopc>.
WARNING:Xst:2677 - Node <openmips0/id_ex0/ex_inst_11> of sequential type is unconnected in block <openmips_min_sopc>.
WARNING:Xst:2677 - Node <openmips0/id_ex0/ex_inst_12> of sequential type is unconnected in block <openmips_min_sopc>.
WARNING:Xst:2677 - Node <openmips0/id_ex0/ex_inst_13> of sequential type is unconnected in block <openmips_min_sopc>.
WARNING:Xst:2677 - Node <openmips0/id_ex0/ex_inst_14> of sequential type is unconnected in block <openmips_min_sopc>.
WARNING:Xst:2677 - Node <openmips0/id_ex0/ex_inst_15> of sequential type is unconnected in block <openmips_min_sopc>.
WARNING:Xst:2677 - Node <openmips0/if_id0/id_pc_7> of sequential type is unconnected in block <openmips_min_sopc>.
WARNING:Xst:2677 - Node <openmips0/if_id0/id_pc_8> of sequential type is unconnected in block <openmips_min_sopc>.
WARNING:Xst:2677 - Node <openmips0/if_id0/id_pc_9> of sequential type is unconnected in block <openmips_min_sopc>.
WARNING:Xst:2677 - Node <openmips0/if_id0/id_pc_10> of sequential type is unconnected in block <openmips_min_sopc>.
WARNING:Xst:2677 - Node <openmips0/if_id0/id_pc_11> of sequential type is unconnected in block <openmips_min_sopc>.
WARNING:Xst:2677 - Node <openmips0/if_id0/id_pc_12> of sequential type is unconnected in block <openmips_min_sopc>.
WARNING:Xst:2677 - Node <openmips0/if_id0/id_pc_13> of sequential type is unconnected in block <openmips_min_sopc>.
WARNING:Xst:2677 - Node <openmips0/if_id0/id_pc_14> of sequential type is unconnected in block <openmips_min_sopc>.
WARNING:Xst:2677 - Node <openmips0/if_id0/id_pc_15> of sequential type is unconnected in block <openmips_min_sopc>.
WARNING:Xst:2677 - Node <openmips0/pc_reg0/pc_15> of sequential type is unconnected in block <openmips_min_sopc>.
WARNING:Xst:2677 - Node <openmips0/pc_reg0/pc_14> of sequential type is unconnected in block <openmips_min_sopc>.
WARNING:Xst:2677 - Node <openmips0/pc_reg0/pc_13> of sequential type is unconnected in block <openmips_min_sopc>.
WARNING:Xst:2677 - Node <openmips0/pc_reg0/pc_12> of sequential type is unconnected in block <openmips_min_sopc>.
WARNING:Xst:2677 - Node <openmips0/pc_reg0/pc_11> of sequential type is unconnected in block <openmips_min_sopc>.
WARNING:Xst:2677 - Node <openmips0/pc_reg0/pc_10> of sequential type is unconnected in block <openmips_min_sopc>.
WARNING:Xst:2677 - Node <openmips0/pc_reg0/pc_9> of sequential type is unconnected in block <openmips_min_sopc>.
WARNING:Xst:2677 - Node <openmips0/pc_reg0/pc_8> of sequential type is unconnected in block <openmips_min_sopc>.
WARNING:Xst:2677 - Node <openmips0/pc_reg0/pc_7> of sequential type is unconnected in block <openmips_min_sopc>.

Mapping all equations...
Building and optimizing final netlist ...
INFO:Xst:2261 - The FF/Latch <openmips0/if_id0/id_inst_8> in Unit <openmips_min_sopc> is equivalent to the following FF/Latch, which will be removed : <openmips0/if_id0/id_inst_13> 
Found area constraint ratio of 100 (+ 5) on block openmips_min_sopc, actual ratio is 3.
INFO:Xst:2260 - The FF/Latch <openmips0/id_ex0/ex_aluop_6> in Unit <openmips_min_sopc> is equivalent to the following FF/Latch : <openmips0/id_ex0/ex_alusel_2> 
INFO:Xst:2261 - The FF/Latch <openmips0/id_ex0/ex_aluop_6> in Unit <openmips_min_sopc> is equivalent to the following FF/Latch, which will be removed : <openmips0/id_ex0/ex_alusel_2> 
FlipFlop openmips0/if_id0/id_inst_11 has been replicated 1 time(s)
FlipFlop openmips0/if_id0/id_inst_15 has been replicated 1 time(s)
FlipFlop openmips0/if_id0/id_inst_8 has been replicated 1 time(s)

Final Macro Processing ...

=========================================================================
Final Register Report

Macro Statistics
# Registers                                            : 272
 Flip-Flops                                            : 272

=========================================================================

=========================================================================
*                           Partition Report                            *
=========================================================================

Partition Implementation Status
-------------------------------

  No Partitions were found in this design.

-------------------------------

=========================================================================
*                            Final Report                               *
=========================================================================
Final Results
RTL Top Level Output File Name     : openmips_min_sopc.ngr
Top Level Output File Name         : openmips_min_sopc
Output Format                      : NGC
Optimization Goal                  : Speed
Keep Hierarchy                     : No

Design Statistics
# IOs                              : 90

Cell Usage :
# BELS                             : 742
#      GND                         : 1
#      INV                         : 3
#      LUT1                        : 6
#      LUT2                        : 59
#      LUT2_D                      : 1
#      LUT2_L                      : 2
#      LUT3                        : 103
#      LUT3_D                      : 14
#      LUT3_L                      : 14
#      LUT4                        : 295
#      LUT4_D                      : 16
#      LUT4_L                      : 61
#      MUXCY                       : 33
#      MUXF5                       : 80
#      MUXF6                       : 16
#      VCC                         : 1
#      XORCY                       : 37
# FlipFlops/Latches                : 272
#      FDR                         : 1
#      FDRE                        : 257
#      FDSE                        : 14
# Clock Buffers                    : 1
#      BUFG                        : 1
# IO Buffers                       : 74
#      IBUF                        : 2
#      IOBUF                       : 16
#      OBUF                        : 56
=========================================================================

Device utilization summary:
---------------------------

Selected Device : 3s1200efg320-4 

 Number of Slices:                      348  out of   8672     4%  
 Number of Slice Flip Flops:            272  out of  17344     1%  
 Number of 4 input LUTs:                574  out of  17344     3%  
 Number of IOs:                          90
 Number of bonded IOBs:                  74  out of    250    29%  
 Number of GCLKs:                         1  out of     24     4%  

---------------------------
Partition Resource Summary:
---------------------------

  No Partitions were found in this design.

---------------------------


=========================================================================
TIMING REPORT

NOTE: THESE TIMING NUMBERS ARE ONLY A SYNTHESIS ESTIMATE.
      FOR ACCURATE TIMING INFORMATION PLEASE REFER TO THE TRACE REPORT
      GENERATED AFTER PLACE-and-ROUTE.

Clock Information:
------------------
-----------------------------------+------------------------+-------+
Clock Signal                       | Clock buffer(FF name)  | Load  |
-----------------------------------+------------------------+-------+
clk                                | IBUF+BUFG              | 272   |
-----------------------------------+------------------------+-------+

Asynchronous Control Signals Information:
----------------------------------------
No asynchronous control signals found in this design

Timing Summary:
---------------
Speed Grade: -4

   Minimum period: 13.444ns (Maximum Frequency: 74.383MHz)
   Minimum input arrival time before clock: 13.766ns
   Maximum output required time after clock: 9.013ns
   Maximum combinational path delay: 7.633ns

Timing Detail:
--------------
All values displayed in nanoseconds (ns)

=========================================================================
Timing constraint: Default period analysis for Clock 'clk'
  Clock period: 13.444ns (frequency: 74.383MHz)
  Total number of paths / destination ports: 33460 / 520
-------------------------------------------------------------------------
Delay:               13.444ns (Levels of Logic = 10)
  Source:            openmips0/if_id0/id_inst_12 (FF)
  Destination:       openmips0/pc_reg0/pc_6 (FF)
  Source Clock:      clk rising
  Destination Clock: clk rising

  Data Path: openmips0/if_id0/id_inst_12 to openmips0/pc_reg0/pc_6
                                Gate     Net
    Cell:in->out      fanout   Delay   Delay  Logical Name (Net Name)
    ----------------------------------------  ------------
     FDRE:C->Q             9   0.591   0.824  openmips0/if_id0/id_inst_12 (openmips0/if_id0/id_inst_12)
     LUT4_D:I3->O          9   0.704   0.855  openmips0/id0/reg1_read_o11 (openmips0/id0/N23)
     LUT4:I2->O           31   0.704   1.266  openmips0/id0/reg1_read_o (openmips0/reg1_read)
     LUT4:I3->O           16   0.704   1.113  openmips0/id0/reg1_o<6>77 (openmips0/id0/reg1_o<0>77)
     LUT2:I1->O            1   0.704   0.000  openmips0/id0/reg1_o<4>80_SW0_SW0_G (N557)
     MUXF5:I1->O           1   0.321   0.455  openmips0/id0/reg1_o<4>80_SW0_SW0 (N413)
     LUT4:I2->O            2   0.704   0.622  openmips0/id0/reg1_o<4>80 (openmips0/id_reg1_o<4>)
     LUT4:I0->O            7   0.704   0.712  openmips0/id0/branch_target_address_o_cmp_eq0002101 (openmips0/id0/branch_target_address_o_cmp_eq0002101)
     LUT4:I3->O            1   0.704   0.000  openmips0/id0/branch_target_address_o_cmp_eq0002103_SW1_F (N526)
     MUXF5:I0->O           1   0.321   0.424  openmips0/id0/branch_target_address_o_cmp_eq0002103_SW1 (N335)
     LUT4:I3->O            1   0.704   0.000  openmips0/pc_reg0/Mcount_pc_eqn_0 (openmips0/pc_reg0/Mcount_pc_eqn_0)
     FDRE:D                    0.308          openmips0/pc_reg0/pc_0
    ----------------------------------------
    Total                     13.444ns (7.173ns logic, 6.271ns route)
                                       (53.4% logic, 46.6% route)

=========================================================================
Timing constraint: Default OFFSET IN BEFORE for Clock 'clk'
  Total number of paths / destination ports: 5226 / 433
-------------------------------------------------------------------------
Offset:              13.766ns (Levels of Logic = 10)
  Source:            rst (PAD)
  Destination:       openmips0/pc_reg0/pc_6 (FF)
  Destination Clock: clk rising

  Data Path: rst to openmips0/pc_reg0/pc_6
                                Gate     Net
    Cell:in->out      fanout   Delay   Delay  Logical Name (Net Name)
    ----------------------------------------  ------------
     IBUF:I->O           233   1.218   1.501  rst_IBUF (rst_IBUF)
     LUT2_L:I0->LO         1   0.704   0.104  openmips0/id0/reg1_addr_o<0>1 (openmips0/reg1_addr<0>)
     LUT4:I3->O            7   0.704   0.743  openmips0/id0/reg1_o_cmp_eq000041 (openmips0/id0/reg1_o_cmp_eq0000)
     LUT4:I2->O            1   0.704   0.455  openmips0/id0/reg1_o<10>5_SW1 (N332)
     LUT4_D:I2->O          7   0.704   0.712  openmips0/id0/reg1_o<10>5 (openmips0/id0/N35)
     LUT4:I3->O            1   0.704   0.595  openmips0/id0/reg1_o<8>8 (openmips0/id0/reg1_o<8>8)
     LUT4:I0->O            2   0.704   0.622  openmips0/id0/reg1_o<8>19 (openmips0/id_reg1_o<8>)
     LUT4:I0->O            1   0.704   0.424  openmips0/id0/branch_target_address_o_cmp_eq000212 (openmips0/id0/branch_target_address_o_cmp_eq000212)
     LUT4_D:I3->O          6   0.704   0.748  openmips0/id0/branch_target_address_o_cmp_eq000256 (openmips0/id0/branch_target_address_o_cmp_eq000256)
     LUT4:I1->O            1   0.704   0.000  openmips0/pc_reg0/Mcount_pc_eqn_1 (openmips0/pc_reg0/Mcount_pc_eqn_1)
     FDRE:D                    0.308          openmips0/pc_reg0/pc_1
    ----------------------------------------
    Total                     13.766ns (7.862ns logic, 5.904ns route)
                                       (57.1% logic, 42.9% route)

=========================================================================
Timing constraint: Default OFFSET OUT AFTER for Clock 'clk'
  Total number of paths / destination ports: 388 / 51
-------------------------------------------------------------------------
Offset:              9.013ns (Levels of Logic = 4)
  Source:            openmips0/ex_mem0/mem_aluop_2 (FF)
  Destination:       ram2datainout<15> (PAD)
  Source Clock:      clk rising

  Data Path: openmips0/ex_mem0/mem_aluop_2 to ram2datainout<15>
                                Gate     Net
    Cell:in->out      fanout   Delay   Delay  Logical Name (Net Name)
    ----------------------------------------  ------------
     FDRE:C->Q             1   0.591   0.595  openmips0/ex_mem0/mem_aluop_2 (openmips0/ex_mem0/mem_aluop_2)
     LUT3_L:I0->LO         1   0.704   0.104  openmips0/mem0/mem_data_o_cmp_eq00001_SW0 (N104)
     LUT4:I3->O           57   0.704   1.305  openmips0/mem0/mem_data_o_cmp_eq00001 (openmips0/mem0/mem_addr_o_and0000)
     LUT3:I2->O           16   0.704   1.034  ram2_OE_L_inv1 (ram2_OE_L_inv)
     IOBUF:T->IO               3.272          ram2datainout_15_IOBUF (ram2datainout<15>)
    ----------------------------------------
    Total                      9.013ns (5.975ns logic, 3.038ns route)
                                       (66.3% logic, 33.7% route)

=========================================================================
Timing constraint: Default path analysis
  Total number of paths / destination ports: 52 / 35
-------------------------------------------------------------------------
Delay:               7.633ns (Levels of Logic = 3)
  Source:            rst (PAD)
  Destination:       ram2datainout<15> (PAD)

  Data Path: rst to ram2datainout<15>
                                Gate     Net
    Cell:in->out      fanout   Delay   Delay  Logical Name (Net Name)
    ----------------------------------------  ------------
     IBUF:I->O           233   1.218   1.405  rst_IBUF (rst_IBUF)
     LUT3:I1->O           16   0.704   1.034  ram2_OE_L_inv1 (ram2_OE_L_inv)
     IOBUF:T->IO               3.272          ram2datainout_15_IOBUF (ram2datainout<15>)
    ----------------------------------------
    Total                      7.633ns (5.194ns logic, 2.439ns route)
                                       (68.0% logic, 32.0% route)

=========================================================================


Total REAL time to Xst completion: 11.00 secs
Total CPU time to Xst completion: 10.85 secs
 
--> 

Total memory usage is 267104 kilobytes

Number of errors   :    0 (   0 filtered)
Number of warnings :  142 (   0 filtered)
Number of infos    :    7 (   0 filtered)

