Release 14.6 - ngc2edif P.68d (nt64)
Copyright (c) 1995-2013 Xilinx, Inc.  All rights reserved.
Reading design openmips_min_sopc.ngc ...
WARNING:NetListWriters:298 - No output is written to openmips_min_sopc.xncf,
   ignored.
Processing design ...
   Preping design's networks ...
   Preping design's macros ...
  finished :Prep
Writing EDIF netlist file openmips_min_sopc.edif ...
ngc2edif: Total memory usage is 80188 kilobytes

Release 14.6 - ngc2edif P.68d (nt64)
Copyright (c) 1995-2013 Xilinx, Inc.  All rights reserved.
Reading design openmips_min_sopc.ngc ...
WARNING:NetListWriters:298 - No output is written to openmips_min_sopc.xncf,
   ignored.
Processing design ...
   Preping design's networks ...
   Preping design's macros ...
  finished :Prep
Writing EDIF netlist file openmips_min_sopc.edif ...
ngc2edif: Total memory usage is 80188 kilobytes

