Command line:
   regfile_isim_beh.exe
     -simmode  gui
     -simrunnum  0
     -socket  49174

Tue Dec 04 04:46:53 2018


 Elaboration Time: 0.031201 sec

 Current Memory Usage: 666.481 Meg

 Total Signals          : 25
 Total Nets             : 123
 Total Signal Drivers   : 10
 Total Blocks           : 2
 Total Primitive Blocks : 2
 Total Processes        : 14
 Total Traceable Variables  : 21
 Total Scalar Nets and Variables : 363
Total Line Count : 54

 Total Simulation Time: 0.031201 sec

 Current Memory Usage: 666.481 Meg

Tue Dec 04 04:47:06 2018

