#-----------------------------------------------------------
# PlanAhead v14.6 (64-bit)
# Build 269223 by xbuild on Wed Jun  5 11:14:03 MDT 2013
# Start of session at: Sat Dec 01 19:08:09 2018
# Process ID: 6092
# Log file: C:/Users/lenovo/Desktop/project/planAhead_run_3/planAhead.log
# Journal file: C:/Users/lenovo/Desktop/project/planAhead_run_3/planAhead.jou
#-----------------------------------------------------------
INFO: [Common 17-78] Attempting to get a license: PlanAhead
INFO: [Common 17-290] Got license for PlanAhead
INFO: [Device 21-36] Loading parts and site information from D:/xilinx146/14.6/ISE_DS/PlanAhead/data/parts/arch.xml
Parsing RTL primitives file [D:/xilinx146/14.6/ISE_DS/PlanAhead/data/parts/xilinx/rtl/prims/rtl_prims.xml]
Finished parsing RTL primitives file [D:/xilinx146/14.6/ISE_DS/PlanAhead/data/parts/xilinx/rtl/prims/rtl_prims.xml]
start_gui
source C:/Users/lenovo/Desktop/project/pa.fromNetlist.tcl
# create_project -name openmips -dir "C:/Users/lenovo/Desktop/project/planAhead_run_3" -part xc3s1200efg320-4
create_project: Time (s): elapsed = 00:00:07 . Memory (MB): peak = 423.371 ; gain = 68.793
# set_property design_mode GateLvl [get_property srcset [current_run -impl]]
# set_property edif_top_file "C:/Users/lenovo/Desktop/project/openmips_min_sopc.ngc" [ get_property srcset [ current_run ] ]
# add_files -norecurse { {C:/Users/lenovo/Desktop/project} }
# set_param project.pinAheadLayout  yes
# set_property target_constrs_file "openmips_min_sopc.ucf" [current_fileset -constrset]
Adding file 'C:/Users/lenovo/Desktop/project/openmips_min_sopc.ucf' to fileset 'constrs_1'
# add_files [list {openmips_min_sopc.ucf}] -fileset [get_property constrset [current_run]]
# link_design
Design is defaulting to srcset: sources_1
Design is defaulting to constrset: constrs_1
Design is defaulting to project part: xc3s1200efg320-4
Release 14.6 - ngc2edif P.68d (nt64)
Copyright (c) 1995-2013 Xilinx, Inc.  All rights reserved.
Reading design openmips_min_sopc.ngc ...
WARNING:NetListWriters:298 - No output is written to openmips_min_sopc.xncf,
   ignored.
Processing design ...
   Preping design's networks ...
   Preping design's macros ...
  finished :Prep
Writing EDIF netlist file openmips_min_sopc.edif ...
ngc2edif: Total memory usage is 80188 kilobytes

Parsing EDIF File [./planAhead_run_3/openmips.data/cache/openmips_min_sopc_ngc_zx.edif]
Finished Parsing EDIF File [./planAhead_run_3/openmips.data/cache/openmips_min_sopc_ngc_zx.edif]
INFO: [Designutils 20-910] Reading macro library D:/xilinx146/14.6/ISE_DS/PlanAhead/data\./parts/xilinx/spartan3e/spartan3e/hd_int_macros.edn
Parsing EDIF File [D:/xilinx146/14.6/ISE_DS/PlanAhead/data\./parts/xilinx/spartan3e/spartan3e/hd_int_macros.edn]
Finished Parsing EDIF File [D:/xilinx146/14.6/ISE_DS/PlanAhead/data\./parts/xilinx/spartan3e/spartan3e/hd_int_macros.edn]
Loading clock regions from D:/xilinx146/14.6/ISE_DS/PlanAhead/data\parts/xilinx/spartan3e/spartan3e/xc3s1200e/ClockRegion.xml
Loading clock buffers from D:/xilinx146/14.6/ISE_DS/PlanAhead/data\parts/xilinx/spartan3e/spartan3e/xc3s1200e/ClockBuffers.xml
Loading package from D:/xilinx146/14.6/ISE_DS/PlanAhead/data\parts/xilinx/spartan3e/spartan3e/xc3s1200e/fg320/Package.xml
Loading io standards from D:/xilinx146/14.6/ISE_DS/PlanAhead/data\./parts/xilinx/spartan3e/IOStandards.xml
INFO: [Device 21-19] Loading pkg sso from D:/xilinx146/14.6/ISE_DS/PlanAhead/data\parts/xilinx/spartan3e/spartan3e/xc3s1200e/fg320/SSORules.xml
Loading list of drcs for the architecture : D:/xilinx146/14.6/ISE_DS/PlanAhead/data\./parts/xilinx/spartan3e/spartan3e/drc.xml
INFO: [Timing 38-77] Reading timing library D:/xilinx146/14.6/ISE_DS/PlanAhead/data\parts/xilinx/spartan3e/spartan3e/spartan3e-4.lib.
INFO: [Timing 38-34] Done reading timing library D:/xilinx146/14.6/ISE_DS/PlanAhead/data\parts/xilinx/spartan3e/spartan3e/spartan3e-4.lib.
Parsing UCF File [C:/Users/lenovo/Desktop/project/openmips_min_sopc.ucf]
Finished Parsing UCF File [C:/Users/lenovo/Desktop/project/openmips_min_sopc.ucf]
INFO: [Project 1-111] Unisim Transformation Summary:
No Unisim elements were transformed.

Phase 0 | Netlist Checksum: 0b0e6703
link_design: Time (s): elapsed = 00:00:28 . Memory (MB): peak = 540.387 ; gain = 116.055
exit
ERROR: [PlanAhead 12-106] *** Exception: ui.h.b: Found deleted key in HTclEventBroker. Verify if the classes listed here call cleanup()
HTclEvent: DEBUG_CORE_CONFIG_CHANGE   Classes: ui.views.aR 
HTclEvent: SIGNAL_BUS_MODIFY   Classes: ui.views.aR 
HTclEvent: DEBUG_PORT_CONFIG_CHANGE   Classes: ui.views.aR 
HTclEvent: SIGNAL_MODIFY   Classes: ui.views.aR 
 (See C:/Users/lenovo/Desktop/project\planAhead_pid6092.debug)
ERROR: [Common 17-39] 'stop_gui' failed due to earlier errors.
INFO: [Common 17-206] Exiting PlanAhead at Sat Dec 01 19:11:03 2018...
INFO: [Common 17-83] Releasing license: PlanAhead
