EDA Netlist Writer report for openmips_min_sopc_tb
Tue Dec 04 16:12:29 2018
Quartus II Version 9.0 Build 235 06/17/2009 Service Pack 2 SJ Web Edition


---------------------
; Table of Contents ;
---------------------
  1. Legal Notice
  2. EDA Netlist Writer Summary
  3. Simulation Settings
  4. Simulation Generated Files
  5. EDA Netlist Writer Messages



----------------
; Legal Notice ;
----------------
Copyright (C) 1991-2009 Altera Corporation
Your use of Altera Corporation's design tools, logic functions 
and other software and tools, and its AMPP partner logic 
functions, and any output files from any of the foregoing 
(including device programming or simulation files), and any 
associated documentation or information are expressly subject 
to the terms and conditions of the Altera Program License 
Subscription Agreement, Altera MegaCore Function License 
Agreement, or other applicable license agreement, including, 
without limitation, that your use is for the sole purpose of 
programming logic devices manufactured by Altera and sold by 
Altera or its authorized distributors.  Please refer to the 
applicable agreement for further details.



+-------------------------------------------------------------------+
; EDA Netlist Writer Summary                                        ;
+---------------------------+---------------------------------------+
; EDA Netlist Writer Status ; Successful - Tue Dec 04 16:12:29 2018 ;
; Revision Name             ; openmips_min_sopc_tb                  ;
; Top-level Entity Name     ; openmips_min_sopc                     ;
; Family                    ; Stratix III                           ;
; Simulation Files Creation ; Successful                            ;
+---------------------------+---------------------------------------+


+------------------------------------------------------------------------------------------------------------------------+
; Simulation Settings                                                                                                    ;
+---------------------------------------------------------------------------------------------------+--------------------+
; Option                                                                                            ; Setting            ;
+---------------------------------------------------------------------------------------------------+--------------------+
; Tool Name                                                                                         ; ModelSim (Verilog) ;
; Generate netlist for functional simulation only                                                   ; Off                ;
; Time scale                                                                                        ; 1 ps               ;
; Truncate long hierarchy paths                                                                     ; Off                ;
; Map illegal HDL characters                                                                        ; Off                ;
; Flatten buses into individual nodes                                                               ; Off                ;
; Maintain hierarchy                                                                                ; Off                ;
; Bring out device-wide set/reset signals as ports                                                  ; Off                ;
; Enable glitch filtering                                                                           ; Off                ;
; Do not write top level VHDL entity                                                                ; Off                ;
; Disable detection of setup and hold time violations in the input registers of bi-directional pins ; Off                ;
; Architecture name in VHDL output netlist                                                          ; structure          ;
; Generate third-party EDA tool command script for RTL functional simulation                        ; Off                ;
; Generate third-party EDA tool command script for gate-level simulation                            ; Off                ;
+---------------------------------------------------------------------------------------------------+--------------------+


+------------------------------------------------------------------------------------------------------+
; Simulation Generated Files                                                                           ;
+------------------------------------------------------------------------------------------------------+
; Generated Files                                                                                      ;
+------------------------------------------------------------------------------------------------------+
; D:/prog10/Desktop/project/quartus2/simulation/modelsim/openmips_min_sopc_tb_2_1100mv_85c_slow.vo     ;
; D:/prog10/Desktop/project/quartus2/simulation/modelsim/openmips_min_sopc_tb_2_1100mv_0c_slow.vo      ;
; D:/prog10/Desktop/project/quartus2/simulation/modelsim/openmips_min_sopc_tb_min_1100mv_0c_fast.vo    ;
; D:/prog10/Desktop/project/quartus2/simulation/modelsim/openmips_min_sopc_tb.vo                       ;
; D:/prog10/Desktop/project/quartus2/simulation/modelsim/openmips_min_sopc_tb_2_1100mv_85c_v_slow.sdo  ;
; D:/prog10/Desktop/project/quartus2/simulation/modelsim/openmips_min_sopc_tb_2_1100mv_0c_v_slow.sdo   ;
; D:/prog10/Desktop/project/quartus2/simulation/modelsim/openmips_min_sopc_tb_min_1100mv_0c_v_fast.sdo ;
; D:/prog10/Desktop/project/quartus2/simulation/modelsim/openmips_min_sopc_tb_v.sdo                    ;
+------------------------------------------------------------------------------------------------------+


+-----------------------------+
; EDA Netlist Writer Messages ;
+-----------------------------+
Info: *******************************************************************
Info: Running Quartus II EDA Netlist Writer
    Info: Version 9.0 Build 235 06/17/2009 Service Pack 2 SJ Web Edition
    Info: Processing started: Tue Dec 04 16:12:24 2018
Info: Command: quartus_eda --read_settings_files=off --write_settings_files=off openmips_min_sopc_tb -c openmips_min_sopc_tb
Info: Generated file openmips_min_sopc_tb_2_1100mv_85c_slow.vo in folder "D:/prog10/Desktop/project/quartus2/simulation/modelsim/" for EDA simulation tool
Info: Generated file openmips_min_sopc_tb_2_1100mv_0c_slow.vo in folder "D:/prog10/Desktop/project/quartus2/simulation/modelsim/" for EDA simulation tool
Info: Generated file openmips_min_sopc_tb_min_1100mv_0c_fast.vo in folder "D:/prog10/Desktop/project/quartus2/simulation/modelsim/" for EDA simulation tool
Info: Generated file openmips_min_sopc_tb.vo in folder "D:/prog10/Desktop/project/quartus2/simulation/modelsim/" for EDA simulation tool
Info: Generated file openmips_min_sopc_tb_2_1100mv_85c_v_slow.sdo in folder "D:/prog10/Desktop/project/quartus2/simulation/modelsim/" for EDA simulation tool
Info: Generated file openmips_min_sopc_tb_2_1100mv_0c_v_slow.sdo in folder "D:/prog10/Desktop/project/quartus2/simulation/modelsim/" for EDA simulation tool
Info: Generated file openmips_min_sopc_tb_min_1100mv_0c_v_fast.sdo in folder "D:/prog10/Desktop/project/quartus2/simulation/modelsim/" for EDA simulation tool
Info: Generated file openmips_min_sopc_tb_v.sdo in folder "D:/prog10/Desktop/project/quartus2/simulation/modelsim/" for EDA simulation tool
Info: Quartus II EDA Netlist Writer was successful. 0 errors, 0 warnings
    Info: Peak virtual memory: 230 megabytes
    Info: Processing ended: Tue Dec 04 16:12:30 2018
    Info: Elapsed time: 00:00:06
    Info: Total CPU time (on all processors): 00:00:04


